Journal not found: International Journal on Mathematics and Mathematical Sciences
Journal not found: Life Sciences Society and Policy
Journal not found: The AAPS journal
Journal not found: Addiction science & clinical practice
Journal not found: Advances in epidemiology
Journal not found: Advances in geriatrics
Journal not found: Advanced healthcare materials
Journal not found: Advances in biological regulation
Journal not found: Advanced materials (Deerfield Beach, Fla.)
Journal not found: Advances in vascular medicine
Journal not found: Advances in statistics
Journal not found: Agricultural and forest meteorology
Journal not found: Alcohol Research: Current Reviews
Journal not found: Amino acids
Journal not found: The American journal of cardiology
Journal not found: American journal of medical genetics. Part A
Journal not found: Annals of neurology
Journal not found: Archives of disease in childhood
Journal not found: Archives of disease in childhood. Fetal and neonatal edition
Journal not found: Applied water science
Journal not found: Archives of Physical Medicine and Rehabilitation
Journal not found: Archives of toxicology
Journal not found: Attention, perception & psychophysics
Journal not found: Autism research : official journal of the International Society for Autism Research
Journal not found: Biochemistry and biophysics reports
Journal not found: Biochemical pharmacology
Journal not found: Biochemical Society transactions
Journal not found: Bioenergy Research
Journal not found: Biological reviews of the Cambridge Philosophical Society
Journal not found: Biomaterials science
Journal not found: Biometrical journal. Biometrische Zeitschrift
Journal not found: BioSocieties
Journal not found: Brain and language
Journal not found: Brain and Neuroscience Advances
Journal not found: Brain, behavior, and immunity
Journal not found: Brain structure & function
Journal not found: Breast cancer research and treatment
Journal not found: The British journal of dermatology
Journal not found: The British journal of ophthalmology
Journal not found: British journal of pharmacology
Journal not found: Calphad ; Computer Coupling of Phase Diagrams and Thermochemistry
Journal not found: Calphad ; Computer Coupling of Phase Diagrams and Thermochemistry
Journal not found: The Canadian journal of cardiology
Journal not found: The Canadian Journal of Psychiatry
Journal not found: Cell and tissue research
Journal not found: Cellular signalling
Journal not found: Cell stem cell
Journal not found: Centaurus; International Magazine of the History of Science and Medicine
Journal not found: Centaurus; International Magazine of the History of Science and Medicine
Journal not found: Cerebral cortex (New York, N.Y. : 1991)
Journal not found: Chemistry, an Asian journal
Journal not found: Child development
Journal not found: Circulation. Cardiovascular imaging
Journal not found: Clinica Chimica Acta; International Journal of Clinical Chemistry
Journal not found: Clinica Chimica Acta; International Journal of Clinical Chemistry
Journal not found: Clinical science (London, England : 1979)
Journal not found: Clinical trials (London, England)
Journal not found: Clinical Trials and Regulatory Science in Cardiology
Journal not found: Clinical and translational imaging
Journal not found: Cognitive research: principles and implications
Journal not found: Consciousness and cognition
Journal not found: Cortex; a Journal Devoted to the Study of the Nervous System and Behavior
Journal not found: Cortex; a Journal Devoted to the Study of the Nervous System and Behavior
Journal not found: Cortex; a Journal Devoted to the Study of the Nervous System and Behavior
Journal not found: Cortex; a Journal Devoted to the Study of the Nervous System and Behavior
Journal not found: Cortex; a Journal Devoted to the Study of the Nervous System and Behavior
Journal not found: Cortex; a Journal Devoted to the Study of the Nervous System and Behavior
Journal not found: Cortex; a Journal Devoted to the Study of the Nervous System and Behavior
Journal not found: Cortex; a Journal Devoted to the Study of the Nervous System and Behavior
Journal not found: Cortex; a Journal Devoted to the Study of the Nervous System and Behavior
Journal not found: Cortex; a Journal Devoted to the Study of the Nervous System and Behavior
Journal not found: Cortex; a Journal Devoted to the Study of the Nervous System and Behavior
Journal not found: Cortex; a Journal Devoted to the Study of the Nervous System and Behavior
Journal not found: Cortex; a Journal Devoted to the Study of the Nervous System and Behavior
Journal not found: Cortex; a Journal Devoted to the Study of the Nervous System and Behavior
Journal not found: Cortex; a Journal Devoted to the Study of the Nervous System and Behavior
Journal not found: Cortex; a Journal Devoted to the Study of the Nervous System and Behavior
Journal not found: Cortex; a Journal Devoted to the Study of the Nervous System and Behavior
Journal not found: Cortex; a Journal Devoted to the Study of the Nervous System and Behavior
Journal not found: Cortex; a Journal Devoted to the Study of the Nervous System and Behavior
Journal not found: Cortex; a Journal Devoted to the Study of the Nervous System and Behavior
Journal not found: Cortex; a Journal Devoted to the Study of the Nervous System and Behavior
Journal not found: Cortex; a Journal Devoted to the Study of the Nervous System and Behavior
Journal not found: Cortex; a Journal Devoted to the Study of the Nervous System and Behavior
Journal not found: Cortex; a Journal Devoted to the Study of the Nervous System and Behavior
Journal not found: Cortex; a Journal Devoted to the Study of the Nervous System and Behavior
Journal not found: Cortex; a Journal Devoted to the Study of the Nervous System and Behavior
Journal not found: Cortex; a Journal Devoted to the Study of the Nervous System and Behavior
Journal not found: Cortex; a Journal Devoted to the Study of the Nervous System and Behavior
Journal not found: Cortex; a Journal Devoted to the Study of the Nervous System and Behavior
Journal not found: Cortex; a Journal Devoted to the Study of the Nervous System and Behavior
Journal not found: Cortex; a Journal Devoted to the Study of the Nervous System and Behavior
Journal not found: Cortex; a Journal Devoted to the Study of the Nervous System and Behavior
Journal not found: Cortex; a Journal Devoted to the Study of the Nervous System and Behavior
Journal not found: Cortex; a Journal Devoted to the Study of the Nervous System and Behavior
Journal not found: Cortex; a Journal Devoted to the Study of the Nervous System and Behavior
Journal not found: Cortex; a Journal Devoted to the Study of the Nervous System and Behavior
Journal not found: Cortex; a Journal Devoted to the Study of the Nervous System and Behavior
Journal not found: Cortex; a Journal Devoted to the Study of the Nervous System and Behavior
Journal not found: Cortex; a Journal Devoted to the Study of the Nervous System and Behavior
Journal not found: Cortex; a Journal Devoted to the Study of the Nervous System and Behavior
Journal not found: Cortex; a Journal Devoted to the Study of the Nervous System and Behavior
Journal not found: Cortex; a Journal Devoted to the Study of the Nervous System and Behavior
Journal not found: Cortex; a Journal Devoted to the Study of the Nervous System and Behavior
Journal not found: Cortex; a Journal Devoted to the Study of the Nervous System and Behavior
Journal not found: Cortex; a Journal Devoted to the Study of the Nervous System and Behavior
Journal not found: Cortex; a Journal Devoted to the Study of the Nervous System and Behavior
Journal not found: Cortex; a Journal Devoted to the Study of the Nervous System and Behavior
Journal not found: Cortex; a Journal Devoted to the Study of the Nervous System and Behavior
Journal not found: Cortex; a Journal Devoted to the Study of the Nervous System and Behavior
Journal not found: Cortex; a Journal Devoted to the Study of the Nervous System and Behavior
Journal not found: Cortex; a Journal Devoted to the Study of the Nervous System and Behavior
Journal not found: Cortex; a Journal Devoted to the Study of the Nervous System and Behavior
Journal not found: Cortex; a Journal Devoted to the Study of the Nervous System and Behavior
Journal not found: Cortex; a Journal Devoted to the Study of the Nervous System and Behavior
Journal not found: Cortex; a Journal Devoted to the Study of the Nervous System and Behavior
Journal not found: Cortex; a Journal Devoted to the Study of the Nervous System and Behavior
Journal not found: Cortex; a Journal Devoted to the Study of the Nervous System and Behavior
Journal not found: Cortex; a Journal Devoted to the Study of the Nervous System and Behavior
Journal not found: Cortex; a Journal Devoted to the Study of the Nervous System and Behavior
Journal not found: Cortex; a Journal Devoted to the Study of the Nervous System and Behavior
Journal not found: Cortex; a Journal Devoted to the Study of the Nervous System and Behavior
Journal not found: Cortex; a Journal Devoted to the Study of the Nervous System and Behavior
Journal not found: Cortex; a Journal Devoted to the Study of the Nervous System and Behavior
Journal not found: Cortex; a Journal Devoted to the Study of the Nervous System and Behavior
Journal not found: Cortex; a Journal Devoted to the Study of the Nervous System and Behavior
Journal not found: Cortex; a Journal Devoted to the Study of the Nervous System and Behavior
Journal not found: Cortex; a Journal Devoted to the Study of the Nervous System and Behavior
Journal not found: Cortex; a Journal Devoted to the Study of the Nervous System and Behavior
Journal not found: Cortex; a Journal Devoted to the Study of the Nervous System and Behavior
Journal not found: Cortex; a Journal Devoted to the Study of the Nervous System and Behavior
Journal not found: Cortex; a Journal Devoted to the Study of the Nervous System and Behavior
Journal not found: Crime science
Journal not found: Current clinical microbiology reports
Journal not found: Current opinion in pharmacology
Journal not found: Current opinion in structural biology
Journal not found: Current opinion in virology
Journal not found: Current opinion in cell biology
Journal not found: Current opinion in genetics & development
Journal not found: Current pathobiology reports
Journal not found: Dental, oral, and craniofacial research
Journal not found: Developmental cognitive neuroscience
Journal not found: Developmental neurobiology
Journal not found: Diabetes & vascular disease research
Journal not found: Differentiation; Research in Biological Diversity
Journal not found: Differentiation; Research in Biological Diversity
Journal not found: DNA repair
Journal not found: Drug discovery today
Journal not found: Ecological entomology
Journal not found: Edorium journal of disability and rehabilitation
Journal not found: Education 3–13
Journal not found: Environmental and experimental botany
Journal not found: Environmental microbiology reports
Journal not found: Environmental pollution (Barking, Essex : 1987)
Journal not found: Epidemiology and psychiatric sciences
Journal not found: EPJ data science
Journal not found: Eurasip Journal on Image and Video Processing
Journal not found: Eurasip Journal on Image and Video Processing
Journal not found: European journal of organic chemistry
Journal not found: European Heart Journal — Cardiovascular Pharmacotherapy
Journal not found: European journal of cancer care
Journal not found: European journal of immunology
Journal not found: European polymer journal
Journal not found: Evolution; International Journal of Organic Evolution
Journal not found: Evolution; International Journal of Organic Evolution
Journal not found: Evolution; International Journal of Organic Evolution
Journal not found: Evolution; International Journal of Organic Evolution
Journal not found: Evolution; International Journal of Organic Evolution
Journal not found: Evolution; International Journal of Organic Evolution
Journal not found: Evolution; International Journal of Organic Evolution
Journal not found: Evolution; International Journal of Organic Evolution
Journal not found: Evolution; International Journal of Organic Evolution
Journal not found: Evolution; International Journal of Organic Evolution
Journal not found: Evolution; International Journal of Organic Evolution
Journal not found: Evolution; International Journal of Organic Evolution
Journal not found: Evolution; International Journal of Organic Evolution
Journal not found: Evolution; International Journal of Organic Evolution
Journal not found: Evolution; International Journal of Organic Evolution
Journal not found: Evolution; International Journal of Organic Evolution
Journal not found: Evolution; International Journal of Organic Evolution
Journal not found: Evolution; International Journal of Organic Evolution
Journal not found: Evolution; International Journal of Organic Evolution
Journal not found: Evolution; International Journal of Organic Evolution
Journal not found: Evolution; International Journal of Organic Evolution
Journal not found: Evolution; International Journal of Organic Evolution
Journal not found: Evolution; International Journal of Organic Evolution
Journal not found: Evolution; International Journal of Organic Evolution
Journal not found: Evolution; International Journal of Organic Evolution
Journal not found: Evolution; International Journal of Organic Evolution
Journal not found: Evolution; International Journal of Organic Evolution
Journal not found: Evolution; International Journal of Organic Evolution
Journal not found: Evolution; International Journal of Organic Evolution
Journal not found: Evolution; International Journal of Organic Evolution
Journal not found: Evolution; International Journal of Organic Evolution
Journal not found: Evolution; International Journal of Organic Evolution
Journal not found: Evolution; International Journal of Organic Evolution
Journal not found: Evolution; International Journal of Organic Evolution
Journal not found: Evolution; International Journal of Organic Evolution
Journal not found: Evolution; International Journal of Organic Evolution
Journal not found: Evolution; International Journal of Organic Evolution
Journal not found: Evolution; International Journal of Organic Evolution
Journal not found: Evolution; International Journal of Organic Evolution
Journal not found: Evolution; International Journal of Organic Evolution
Journal not found: Evolution; International Journal of Organic Evolution
Journal not found: Evolution; International Journal of Organic Evolution
Journal not found: Evolution; International Journal of Organic Evolution
Journal not found: Evolution; International Journal of Organic Evolution
Journal not found: Evolution; International Journal of Organic Evolution
Journal not found: Evolution; International Journal of Organic Evolution
Journal not found: Evolution; International Journal of Organic Evolution
Journal not found: Evolution; International Journal of Organic Evolution
Journal not found: Evolution; International Journal of Organic Evolution
Journal not found: Evolution; International Journal of Organic Evolution
Journal not found: Evolution; International Journal of Organic Evolution
Journal not found: Evolution; International Journal of Organic Evolution
Journal not found: Evolution; International Journal of Organic Evolution
Journal not found: Evolution; International Journal of Organic Evolution
Journal not found: Evolution; International Journal of Organic Evolution
Journal not found: Evolution; International Journal of Organic Evolution
Journal not found: Evolution; International Journal of Organic Evolution
Journal not found: Evolution; International Journal of Organic Evolution
Journal not found: Evolution; International Journal of Organic Evolution
Journal not found: Evolution; International Journal of Organic Evolution
Journal not found: Evolution; International Journal of Organic Evolution
Journal not found: Evolution; International Journal of Organic Evolution
Journal not found: Evolution; International Journal of Organic Evolution
Journal not found: Evolution; International Journal of Organic Evolution
Journal not found: Evolution; International Journal of Organic Evolution
Journal not found: Evolution; International Journal of Organic Evolution
Journal not found: Evolution; International Journal of Organic Evolution
Journal not found: Evolution; International Journal of Organic Evolution
Journal not found: Evolution; International Journal of Organic Evolution
Journal not found: Evolution; International Journal of Organic Evolution
Journal not found: Evolution; International Journal of Organic Evolution
Journal not found: Evolution; International Journal of Organic Evolution
Journal not found: Evolution; International Journal of Organic Evolution
Journal not found: Evolution; International Journal of Organic Evolution
Journal not found: Evolution; International Journal of Organic Evolution
Journal not found: Evolution; International Journal of Organic Evolution
Journal not found: Evolution; International Journal of Organic Evolution
Journal not found: Evolution; International Journal of Organic Evolution
Journal not found: Evolution; International Journal of Organic Evolution
Journal not found: Evolution; International Journal of Organic Evolution
Journal not found: Evolution; International Journal of Organic Evolution
Journal not found: Evolution; International Journal of Organic Evolution
Journal not found: Evolution; International Journal of Organic Evolution
Journal not found: Evolution; International Journal of Organic Evolution
Journal not found: Evolution; International Journal of Organic Evolution
Journal not found: Evolution
Journal not found: Experimental cell research
Journal not found: Experimental & applied acarology
Journal not found: Experimental and Molecular Pathology
Journal not found: Experimental neurology
Journal not found: Experimental parasitology
Journal not found: The FEBS journal
Journal not found: Fertility and sterility
Journal not found: Genes, brain, and behavior
Journal not found: Geoforum; Journal of Physical, Human, and Regional Geosciences
Journal not found: Gynecologic oncology
Journal not found: Healthcare (Basel, Switzerland)
Journal not found: Health policy and planning
Journal not found: Health psychology and behavioral medicine
Journal not found: Heart failure reviews
Journal not found: Human brain mapping
Journal not found: Human Relations; Studies towards the Integration of the Social Sciences
Journal not found: Human Relations; Studies towards the Integration of the Social Sciences
Journal not found: Human Relations; Studies towards the Integration of the Social Sciences
Journal not found: International archives of allergy and immunology
Journal not found: International health
Journal not found: International journal of cardiology
Journal not found: International Journal of Educational Development
Journal not found: International journal of comparative psychology / ISCP ; sponsored by the International Society for Comparative Psychology and the University of Calabria
Journal not found: International journal of comparative psychology / ISCP ; sponsored by the International Society for Comparative Psychology and the University of Calabria
Journal not found: International Journal of Remote Sensing
Journal not found: International nano letters
Journal not found: International journal of surgery (London, England)
Journal not found: International journal of tissue engineering
Journal not found: In Silico Cell and Tissue Science
Journal not found: ISRN computational biology
Journal not found: ISRN geriatrics
Journal not found: ISRN minimally invasive surgery
Journal not found: ISRN nanomaterials
Journal not found: ISRN zoology
Journal not found: ISRN oxidative medicine
Journal not found: ISRN public health
Journal not found: ISRN structural biology
Journal not found: ISRN tropical medicine
Journal not found: ISRN virology
Journal not found: IZA journal of labor economics
Journal not found: IZA journal of labor policy
Journal not found: The Journal of applied ecology
Journal not found: Journal of autoimmunity
Journal not found: Journal of bioethical inquiry
Journal not found: Journal of biological dynamics
Journal not found: Journal of biomolecular NMR
Journal not found: Jornal Brasileiro de Pneumologia : Publicaça̋o Oficial da Sociedade Brasileira de Pneumologia e Tisilogia
Journal not found: Jornal Brasileiro de Pneumologia : Publicaça̋o Oficial da Sociedade Brasileira de Pneumologia e Tisilogia
Journal not found: Jornal Brasileiro de Pneumologia : Publicaça̋o Oficial da Sociedade Brasileira de Pneumologia e Tisilogia
Journal not found: Jornal Brasileiro de Pneumologia : Publicaça̋o Oficial da Sociedade Brasileira de Pneumologia e Tisilogia
Journal not found: Jornal Brasileiro de Pneumologia : Publicaça̋o Oficial da Sociedade Brasileira de Pneumologia e Tisilogia
Journal not found: Jornal Brasileiro de Pneumologia : Publicaça̋o Oficial da Sociedade Brasileira de Pneumologia e Tisilogia
Journal not found: Jornal Brasileiro de Pneumologia : Publicaça̋o Oficial da Sociedade Brasileira de Pneumologia e Tisilogia
Journal not found: Jornal Brasileiro de Pneumologia : Publicaça̋o Oficial da Sociedade Brasileira de Pneumologia e Tisilogia
Journal not found: Jornal Brasileiro de Pneumologia : Publicaça̋o Oficial da Sociedade Brasileira de Pneumologia e Tisilogia
Journal not found: Jornal Brasileiro de Pneumologia : Publicaça̋o Oficial da Sociedade Brasileira de Pneumologia e Tisilogia
Journal not found: Jornal Brasileiro de Pneumologia : Publicaça̋o Oficial da Sociedade Brasileira de Pneumologia e Tisilogia
Journal not found: Jornal Brasileiro de Pneumologia : Publicaça̋o Oficial da Sociedade Brasileira de Pneumologia e Tisilogia
Journal not found: Jornal Brasileiro de Pneumologia : Publicaça̋o Oficial da Sociedade Brasileira de Pneumologia e Tisilogia
Journal not found: Jornal Brasileiro de Pneumologia : Publicaça̋o Oficial da Sociedade Brasileira de Pneumologia e Tisilogia
Journal not found: Jornal Brasileiro de Pneumologia : Publicaça̋o Oficial da Sociedade Brasileira de Pneumologia e Tisilogia
Journal not found: Jornal Brasileiro de Pneumologia : Publicaça̋o Oficial da Sociedade Brasileira de Pneumologia e Tisilogia
Journal not found: Jornal Brasileiro de Pneumologia : Publicaça̋o Oficial da Sociedade Brasileira de Pneumologia e Tisilogia
Journal not found: Jornal Brasileiro de Pneumologia : Publicaça̋o Oficial da Sociedade Brasileira de Pneumologia e Tisilogia
Journal not found: Journal of cellular physiology
Journal not found: Journal of chemistry
Journal not found: Journal of child psychology and psychiatry, and allied disciplines
Journal not found: Journal of Computational Surgery
Journal not found: Journal of critical care medicine
Journal not found: Journal of Development Economics
Journal not found: Journal of the Economics of Ageing
Journal not found: Journal of epidemiology and community health
Journal not found: Journal of exposure science & environmental epidemiology
Journal not found: Journal of experimental botany
Journal not found: Journal of Experimental Neuroscience
Journal not found: The Journal of general virology
Journal not found: Journal of hepatology
Journal not found: Journal of immunological methods
Journal not found: Journal of innate immunity
Journal not found: Journal of maps
Journal not found: Journal of the mechanical behavior of biomedical materials
Journal not found: Journal of medical genetics
Journal not found: Journal of memory and language
Journal not found: Journal of molecular endocrinology
Journal not found: Journal of nanomaterials
Journal not found: Journal of Neural Engineering
Journal not found: Journal of neuroscience methods
Journal not found: Journal of Nutritional & Environmental Medicine / Bsnm, British Society for Nutritional Medicine ; Aaem, American Academy of Environmental Medicine ; Bsaem, British Society for Allergy and Environmental Medicine ; Acnem, the Australian ..
Journal not found: The Journal of pediatrics
Journal not found: Journal of pharmaceutical and biomedical analysis
Journal not found: Journal of psychopharmacology (Oxford, England)
Journal not found: Journal of racial and ethnic health disparities
Journal not found: Journal of probability and statistics
Journal not found: Journal of Speech, Language, and Hearing Research : JSLHR
Journal not found: The Journal of steroid biochemistry and molecular biology
Journal not found: Journal of structural biology
Journal not found: Laboratory Investigation; a Journal of Technical Methods and Pathology
Journal not found: Laboratory Investigation; a Journal of Technical Methods and Pathology
Journal not found: Latin American economic review
Journal not found: Law, Innovation and Technology
Journal not found: The lancet HIV
Journal not found: The lancet. HIV
Journal not found: The lancet. Psychiatry
Journal not found: MedChemComm
Journal not found: Medical decision making : an international journal of the Society for Medical Decision Making
Journal not found: Medical Devices (Auckland, N.Z.)
Journal not found: Medicine and Science in Sports and Exercise
Journal not found: Microbial genomics
Journal not found: Modeling Earth Systems and Environment
Journal not found: Molecular and cellular endocrinology
Journal not found: Molecular genetics and metabolism
Journal not found: Molecular genetics and metabolism reports
Journal not found: Molecular neurobiology
Journal not found: Molecular nutrition & food research
Journal not found: Molecular pain
Journal not found: Muscle & nerve
Journal not found: Mutation research
Journal not found: Mycological progress
Journal not found: Neurobiology of aging
Journal not found: Neurobiology of learning and memory
Journal not found: Neuroscience letters
Journal not found: New journal of science
Journal not found: NPJ schizophrenia
Journal not found: Pain Medicine: The Official Journal of the American Academy of Pain Medicine
Journal not found: Palliative medicine
Journal not found: Papillomavirus research (Amsterdam, Netherlands)
Journal not found: Plant biotechnology journal
